GAS LISTING /var/folders/_4/0gv1xzls4452yr8f8wz3qh880000gn/T//ccZbFmoc.s 			page 1


   1               		.file	"display.c"
   2               		.arch atmega2561
   3               	__SREG__ = 0x3f
   4               	__SP_H__ = 0x3e
   5               	__SP_L__ = 0x3d
   6               	__tmp_reg__ = 0
   7               	__zero_reg__ = 1
   8               		.global __do_copy_data
   9               		.global __do_clear_bss
  10               		.text
  11               	.global	LcdBackLight
  12               		.type	LcdBackLight, @function
  13               	LcdBackLight:
  14               	/* prologue: frame size=0 */
  15               	/* prologue end (size=0) */
  16 0000 8130      		cpi r24,lo8(1)
  17 0002 01F4      		brne .L2
  18 0004 739A      		sbi 46-0x20,3
  19 0006 0895      		ret
  20               	.L2:
  21 0008 8823      		tst r24
  22 000a 01F4      		brne .L6
  23 000c 7398      		cbi 46-0x20,3
  24               	.L6:
  25 000e 0895      		ret
  26               	/* epilogue: frame size=0 */
  27               	/* epilogue: noreturn */
  28               	/* epilogue end (size=0) */
  29               	/* function LcdBackLight size 8 (8) */
  30               		.size	LcdBackLight, .-LcdBackLight
  31               		.type	LcdWriteNibble, @function
  32               	LcdWriteNibble:
  33               	/* prologue: frame size=0 */
  34               	/* prologue end (size=0) */
  35 0010 9AB1      		in r25,42-0x20
  36 0012 9F70      		andi r25,lo8(15)
  37 0014 906F      		ori r25,lo8(-16)
  38 0016 9AB9      		out 42-0x20,r25
  39 0018 9BB1      		in r25,43-0x20
  40 001a 9F70      		andi r25,lo8(15)
  41 001c 607F      		andi r22,lo8(-16)
  42 001e 962B      		or r25,r22
  43 0020 9BB9      		out 43-0x20,r25
  44 0022 8230      		cpi r24,lo8(2)
  45 0024 01F4      		brne .L8
  46 0026 8A98      		cbi 49-0x20,2
  47 0028 00C0      		rjmp .L10
  48               	.L8:
  49 002a 8A9A      		sbi 49-0x20,2
  50               	.L10:
  51 002c 729A      		sbi 46-0x20,2
  52               	/* #APP */
  53 002e 0000      		nop
  54 0030 0000      		nop
  55               	/* #NOAPP */
  56 0032 7298      		cbi 46-0x20,2
  57 0034 8A98      		cbi 49-0x20,2
GAS LISTING /var/folders/_4/0gv1xzls4452yr8f8wz3qh880000gn/T//ccZbFmoc.s 			page 2


  58 0036 8AB1      		in r24,42-0x20
  59 0038 8F70      		andi r24,lo8(15)
  60 003a 8AB9      		out 42-0x20,r24
  61 003c 8BB1      		in r24,43-0x20
  62 003e 8F70      		andi r24,lo8(15)
  63 0040 806F      		ori r24,lo8(-16)
  64 0042 8BB9      		out 43-0x20,r24
  65               	/* epilogue: frame size=0 */
  66 0044 0895      		ret
  67               	/* epilogue end (size=1) */
  68               	/* function LcdWriteNibble size 29 (28) */
  69               		.size	LcdWriteNibble, .-LcdWriteNibble
  70               		.type	LcdWriteByte, @function
  71               	LcdWriteByte:
  72               	/* prologue: frame size=0 */
  73 0046 0F93      		push r16
  74 0048 1F93      		push r17
  75               	/* prologue end (size=2) */
  76 004a 082F      		mov r16,r24
  77 004c 162F      		mov r17,r22
  78 004e 8A98      		cbi 49-0x20,2
  79 0050 899A      		sbi 49-0x20,1
  80               	.L13:
  81 0052 729A      		sbi 46-0x20,2
  82               	/* #APP */
  83 0054 0000      		nop
  84 0056 0000      		nop
  85               	/* #NOAPP */
  86 0058 4F99      		sbic 41-0x20,7
  87 005a 00C0      		rjmp .L13
  88 005c 7298      		cbi 46-0x20,2
  89 005e 8A98      		cbi 49-0x20,2
  90 0060 8998      		cbi 49-0x20,1
  91 0062 612F      		mov r22,r17
  92 0064 607F      		andi r22,lo8(-16)
  93 0066 802F      		mov r24,r16
  94 0068 0E94 0000 		call LcdWriteNibble
  95 006c 1295      		swap r17
  96 006e 107F      		andi r17,0xf0
  97 0070 612F      		mov r22,r17
  98 0072 802F      		mov r24,r16
  99 0074 0E94 0000 		call LcdWriteNibble
 100               	/* epilogue: frame size=0 */
 101 0078 1F91      		pop r17
 102 007a 0F91      		pop r16
 103 007c 0895      		ret
 104               	/* epilogue end (size=3) */
 105               	/* function LcdWriteByte size 30 (25) */
 106               		.size	LcdWriteByte, .-LcdWriteByte
 107               	.global	LcdChar
 108               		.type	LcdChar, @function
 109               	LcdChar:
 110               	/* prologue: frame size=0 */
 111               	/* prologue end (size=0) */
 112 007e 682F      		mov r22,r24
 113 0080 83E0      		ldi r24,lo8(3)
 114 0082 0E94 0000 		call LcdWriteByte
GAS LISTING /var/folders/_4/0gv1xzls4452yr8f8wz3qh880000gn/T//ccZbFmoc.s 			page 3


 115               	/* epilogue: frame size=0 */
 116 0086 0895      		ret
 117               	/* epilogue end (size=1) */
 118               	/* function LcdChar size 5 (4) */
 119               		.size	LcdChar, .-LcdChar
 120               	.global	LcdWriteString
 121               		.type	LcdWriteString, @function
 122               	LcdWriteString:
 123               	/* prologue: frame size=0 */
 124 0088 EF92      		push r14
 125 008a FF92      		push r15
 126 008c 0F93      		push r16
 127 008e 1F93      		push r17
 128 0090 CF93      		push r28
 129 0092 DF93      		push r29
 130               	/* prologue end (size=6) */
 131 0094 7B01      		movw r14,r22
 132 0096 C0E0      		ldi r28,lo8(0)
 133 0098 D0E0      		ldi r29,hi8(0)
 134 009a 8C01      		movw r16,r24
 135 009c 00C0      		rjmp .L21
 136               	.L22:
 137 009e F801      		movw r30,r16
 138 00a0 8191      		ld r24,Z+
 139 00a2 8F01      		movw r16,r30
 140 00a4 0E94 0000 		call LcdChar
 141 00a8 2196      		adiw r28,1
 142               	.L21:
 143 00aa C701      		movw r24,r14
 144 00ac 0197      		sbiw r24,1
 145 00ae C817      		cp r28,r24
 146 00b0 D907      		cpc r29,r25
 147 00b2 04F0      		brlt .L22
 148               	/* epilogue: frame size=0 */
 149 00b4 DF91      		pop r29
 150 00b6 CF91      		pop r28
 151 00b8 1F91      		pop r17
 152 00ba 0F91      		pop r16
 153 00bc FF90      		pop r15
 154 00be EF90      		pop r14
 155 00c0 0895      		ret
 156               	/* epilogue end (size=7) */
 157               	/* function LcdWriteString size 29 (16) */
 158               		.size	LcdWriteString, .-LcdWriteString
 159               	.global	LcdLowLevelInit
 160               		.type	LcdLowLevelInit, @function
 161               	LcdLowLevelInit:
 162               	/* prologue: frame size=0 */
 163 00c2 1F93      		push r17
 164               	/* prologue end (size=1) */
 165 00c4 8CE8      		ldi r24,lo8(-116)
 166 00c6 0E94 0000 		call NutDelay
 167 00ca 10E0      		ldi r17,lo8(0)
 168               	.L26:
 169 00cc 63E3      		ldi r22,lo8(51)
 170 00ce 82E0      		ldi r24,lo8(2)
 171 00d0 0E94 0000 		call LcdWriteNibble
GAS LISTING /var/folders/_4/0gv1xzls4452yr8f8wz3qh880000gn/T//ccZbFmoc.s 			page 4


 172 00d4 84E0      		ldi r24,lo8(4)
 173 00d6 0E94 0000 		call NutDelay
 174 00da 1F5F      		subi r17,lo8(-(1))
 175 00dc 1330      		cpi r17,lo8(3)
 176 00de 01F4      		brne .L26
 177 00e0 62E2      		ldi r22,lo8(34)
 178 00e2 82E0      		ldi r24,lo8(2)
 179 00e4 0E94 0000 		call LcdWriteNibble
 180 00e8 81E0      		ldi r24,lo8(1)
 181 00ea 0E94 0000 		call NutDelay
 182 00ee 68E2      		ldi r22,lo8(40)
 183 00f0 82E0      		ldi r24,lo8(2)
 184 00f2 0E94 0000 		call LcdWriteByte
 185 00f6 85E0      		ldi r24,lo8(5)
 186 00f8 0E94 0000 		call NutDelay
 187 00fc 6CE0      		ldi r22,lo8(12)
 188 00fe 82E0      		ldi r24,lo8(2)
 189 0100 0E94 0000 		call LcdWriteByte
 190 0104 85E0      		ldi r24,lo8(5)
 191 0106 0E94 0000 		call NutDelay
 192 010a 61E0      		ldi r22,lo8(1)
 193 010c 82E0      		ldi r24,lo8(2)
 194 010e 0E94 0000 		call LcdWriteByte
 195 0112 85E0      		ldi r24,lo8(5)
 196 0114 0E94 0000 		call NutDelay
 197 0118 66E0      		ldi r22,lo8(6)
 198 011a 82E0      		ldi r24,lo8(2)
 199 011c 0E94 0000 		call LcdWriteByte
 200 0120 60E8      		ldi r22,lo8(-128)
 201 0122 82E0      		ldi r24,lo8(2)
 202 0124 0E94 0000 		call LcdWriteByte
 203               	/* epilogue: frame size=0 */
 204 0128 1F91      		pop r17
 205 012a 0895      		ret
 206               	/* epilogue end (size=2) */
 207               	/* function LcdLowLevelInit size 53 (50) */
 208               		.size	LcdLowLevelInit, .-LcdLowLevelInit
 209               	/* File "source/display.c": code  154 = 0x009a ( 131), prologues   9, epilogues  14 */
GAS LISTING /var/folders/_4/0gv1xzls4452yr8f8wz3qh880000gn/T//ccZbFmoc.s 			page 5


DEFINED SYMBOLS
                            *ABS*:00000000 display.c
/var/folders/_4/0gv1xzls4452yr8f8wz3qh880000gn/T//ccZbFmoc.s:3      *ABS*:0000003f __SREG__
/var/folders/_4/0gv1xzls4452yr8f8wz3qh880000gn/T//ccZbFmoc.s:4      *ABS*:0000003e __SP_H__
/var/folders/_4/0gv1xzls4452yr8f8wz3qh880000gn/T//ccZbFmoc.s:5      *ABS*:0000003d __SP_L__
/var/folders/_4/0gv1xzls4452yr8f8wz3qh880000gn/T//ccZbFmoc.s:6      *ABS*:00000000 __tmp_reg__
/var/folders/_4/0gv1xzls4452yr8f8wz3qh880000gn/T//ccZbFmoc.s:7      *ABS*:00000001 __zero_reg__
/var/folders/_4/0gv1xzls4452yr8f8wz3qh880000gn/T//ccZbFmoc.s:13     .text:00000000 LcdBackLight
/var/folders/_4/0gv1xzls4452yr8f8wz3qh880000gn/T//ccZbFmoc.s:32     .text:00000010 LcdWriteNibble
/var/folders/_4/0gv1xzls4452yr8f8wz3qh880000gn/T//ccZbFmoc.s:71     .text:00000046 LcdWriteByte
/var/folders/_4/0gv1xzls4452yr8f8wz3qh880000gn/T//ccZbFmoc.s:109    .text:0000007e LcdChar
/var/folders/_4/0gv1xzls4452yr8f8wz3qh880000gn/T//ccZbFmoc.s:122    .text:00000088 LcdWriteString
/var/folders/_4/0gv1xzls4452yr8f8wz3qh880000gn/T//ccZbFmoc.s:161    .text:000000c2 LcdLowLevelInit

UNDEFINED SYMBOLS
__do_copy_data
__do_clear_bss
NutDelay
