GAS LISTING /var/folders/_4/0gv1xzls4452yr8f8wz3qh880000gn/T//ccUfWOzy.s 			page 1


   1               		.file	"main.c"
   2               		.arch atmega2561
   3               	__SREG__ = 0x3f
   4               	__SP_H__ = 0x3e
   5               	__SP_L__ = 0x3d
   6               	__tmp_reg__ = 0
   7               	__zero_reg__ = 1
   8               		.global __do_copy_data
   9               		.global __do_clear_bss
  10               		.text
  11               	.global	SysInitIO
  12               		.type	SysInitIO, @function
  13               	SysInitIO:
  14               	/* prologue: frame size=0 */
  15               	/* prologue end (size=0) */
  16 0000 87EF      		ldi r24,lo8(-9)
  17 0002 84B9      		out 36-0x20,r24
  18 0004 8CE0      		ldi r24,lo8(12)
  19 0006 8AB9      		out 42-0x20,r24
  20 0008 8BB1      		in r24,43-0x20
  21 000a 8C70      		andi r24,lo8(12)
  22 000c 836F      		ori r24,lo8(-13)
  23 000e 8BB9      		out 43-0x20,r24
  24 0010 8EE8      		ldi r24,lo8(-114)
  25 0012 8DB9      		out 45-0x20,r24
  26 0014 8EB1      		in r24,46-0x20
  27 0016 8E78      		andi r24,lo8(-114)
  28 0018 8160      		ori r24,lo8(1)
  29 001a 8EB9      		out 46-0x20,r24
  30 001c 85B7      		in r24,85-0x20
  31 001e 8068      		ori r24,lo8(-128)
  32 0020 85BF      		out 85-0x20,r24
  33 0022 85B7      		in r24,85-0x20
  34 0024 8068      		ori r24,lo8(-128)
  35 0026 85BF      		out 85-0x20,r24
  36 0028 8EE0      		ldi r24,lo8(14)
  37 002a 80BB      		out 48-0x20,r24
  38 002c 81B3      		in r24,49-0x20
  39 002e 8E70      		andi r24,lo8(14)
  40 0030 816F      		ori r24,lo8(-15)
  41 0032 81BB      		out 49-0x20,r24
  42 0034 88E1      		ldi r24,lo8(24)
  43 0036 83BB      		out 51-0x20,r24
  44               	/* epilogue: frame size=0 */
  45 0038 0895      		ret
  46               	/* epilogue end (size=1) */
  47               	/* function SysInitIO size 29 (28) */
  48               		.size	SysInitIO, .-SysInitIO
  49               	.global	NutAppMain
  50               		.type	NutAppMain, @function
  51               	NutAppMain:
  52               	/* prologue: frame size=18 */
  53 003a EF92      		push r14
  54 003c FF92      		push r15
  55 003e 0F93      		push r16
  56 0040 1F93      		push r17
  57 0042 CF93      		push r28
GAS LISTING /var/folders/_4/0gv1xzls4452yr8f8wz3qh880000gn/T//ccUfWOzy.s 			page 2


  58 0044 DF93      		push r29
  59 0046 CDB7      		in r28,__SP_L__
  60 0048 DEB7      		in r29,__SP_H__
  61 004a 6297      		sbiw r28,18
  62 004c 0FB6      		in __tmp_reg__,__SREG__
  63 004e F894      		cli
  64 0050 DEBF      		out __SP_H__,r29
  65 0052 0FBE      		out __SREG__,__tmp_reg__
  66 0054 CDBF      		out __SP_L__,r28
  67               	/* prologue end (size=14) */
  68 0056 0E94 0000 		call WatchDogDisable
  69 005a 84E6      		ldi r24,lo8(100)
  70 005c 0E94 0000 		call NutDelay
  71 0060 0E94 0000 		call SysInitIO
  72 0064 0E94 0000 		call SPIinit
  73 0068 0E94 0000 		call LedInit
  74 006c 0E94 0000 		call LcdLowLevelInit
  75 0070 0E94 0000 		call Uart0DriverInit
  76 0074 0E94 0000 		call Uart0DriverStart
  77 0078 0E94 0000 		call LogInit
  78 007c 80E0      		ldi r24,lo8(__c.2551)
  79 007e 90E0      		ldi r25,hi8(__c.2551)
  80 0080 9F93      		push r25
  81 0082 8F93      		push r24
  82 0084 16EC      		ldi r17,lo8(-58)
  83 0086 1F93      		push r17
  84 0088 0E94 0000 		call LogMsg_P
  85 008c 0E94 0000 		call CardInit
  86 0090 0E94 0000 		call X12Init
  87 0094 CE01      		movw r24,r28
  88 0096 0196      		adiw r24,1
  89 0098 0E94 0000 		call X12RtcGetClock
  90 009c 0F90      		pop __tmp_reg__
  91 009e 0F90      		pop __tmp_reg__
  92 00a0 0F90      	 	pop __tmp_reg__
  93 00a2 892B      		or r24,r25
  94 00a4 01F4      		brne .L4
  95 00a6 8981      		ldd r24,Y+1
  96 00a8 9A81      		ldd r25,Y+2
  97 00aa 9F93      		push r25
  98 00ac 8F93      		push r24
  99 00ae 8B81      		ldd r24,Y+3
 100 00b0 9C81      		ldd r25,Y+4
 101 00b2 9F93      		push r25
 102 00b4 8F93      		push r24
 103 00b6 8D81      		ldd r24,Y+5
 104 00b8 9E81      		ldd r25,Y+6
 105 00ba 9F93      		push r25
 106 00bc 8F93      		push r24
 107 00be 80E0      		ldi r24,lo8(__c.2553)
 108 00c0 90E0      		ldi r25,hi8(__c.2553)
 109 00c2 9F93      		push r25
 110 00c4 8F93      		push r24
 111 00c6 1F93      		push r17
 112 00c8 0E94 0000 		call LogMsg_P
 113 00cc 8DB7      		in r24,__SP_L__
 114 00ce 9EB7      		in r25,__SP_H__
GAS LISTING /var/folders/_4/0gv1xzls4452yr8f8wz3qh880000gn/T//ccUfWOzy.s 			page 3


 115 00d0 0996      		adiw r24,9
 116 00d2 0FB6      		in __tmp_reg__,__SREG__
 117 00d4 F894      		cli
 118 00d6 9EBF      		out __SP_H__,r25
 119 00d8 0FBE      		out __SREG__,__tmp_reg__
 120 00da 8DBF      		out __SP_L__,r24
 121               	.L4:
 122 00dc 0E94 0000 		call At45dbInit
 123 00e0 0E94 0000 		call RcInit
 124 00e4 0E94 0000 		call KbInit
 125 00e8 40E0      		ldi r20,lo8(0)
 126 00ea 50E0      		ldi r21,hi8(0)
 127 00ec 60E0      		ldi r22,lo8(gs(SysMainBeatInterrupt))
 128 00ee 70E0      		ldi r23,hi8(gs(SysMainBeatInterrupt))
 129 00f0 80E0      		ldi r24,lo8(sig_OVERFLOW0)
 130 00f2 90E0      		ldi r25,hi8(sig_OVERFLOW0)
 131 00f4 0E94 0000 		call NutRegisterIrqHandler
 132 00f8 892B      		or r24,r25
 133 00fa 01F4      		brne .L6
 134 00fc 85B5      		in r24,69-0x20
 135 00fe 8460      		ori r24,lo8(4)
 136 0100 85BD      		out 69-0x20,r24
 137 0102 A89A      		sbi 53-0x20,0
 138 0104 8091 6E00 		lds r24,110
 139 0108 8160      		ori r24,lo8(1)
 140 010a 8093 6E00 		sts 110,r24
 141               	.L6:
 142 010e 81E0      		ldi r24,lo8(1)
 143 0110 0E94 0000 		call NutThreadSetPriority
 144               	/* #APP */
 145 0114 7894      		sei
 146               	/* #NOAPP */
 147 0116 88E4      		ldi r24,lo8(72)
 148 0118 0E94 0000 		call LcdChar
 149 011c 85E6      		ldi r24,lo8(101)
 150 011e 0E94 0000 		call LcdChar
 151 0122 8CE6      		ldi r24,lo8(108)
 152 0124 0E94 0000 		call LcdChar
 153 0128 8CE6      		ldi r24,lo8(108)
 154 012a 0E94 0000 		call LcdChar
 155 012e 8FE6      		ldi r24,lo8(111)
 156 0130 0E94 0000 		call LcdChar
 157 0134 8FE5      		ldi r24,lo8(95)
 158 0136 0E94 0000 		call LcdChar
 159 013a 8AE4      		ldi r24,lo8(74)
 160 013c 0E94 0000 		call LcdChar
 161 0140 85E7      		ldi r24,lo8(117)
 162 0142 0E94 0000 		call LcdChar
 163 0146 8CE6      		ldi r24,lo8(108)
 164 0148 0E94 0000 		call LcdChar
 165 014c 89E6      		ldi r24,lo8(105)
 166 014e 0E94 0000 		call LcdChar
 167 0152 81E6      		ldi r24,lo8(97)
 168 0154 0E94 0000 		call LcdChar
 169 0158 8EE6      		ldi r24,lo8(110)
 170 015a 0E94 0000 		call LcdChar
 171 015e 00E0      		ldi r16,lo8(0)
GAS LISTING /var/folders/_4/0gv1xzls4452yr8f8wz3qh880000gn/T//ccUfWOzy.s 			page 4


 172 0160 10E0      		ldi r17,hi8(0)
 173 0162 EE24      		clr r14
 174 0164 FF24      		clr r15
 175               	.L8:
 176 0166 0E94 0000 		call GetKeys
 177 016a 8F3D      		cpi r24,223
 178 016c 9105      		cpc r25,__zero_reg__
 179 016e 01F4      		brne .L9
 180 0170 81E0      		ldi r24,lo8(1)
 181 0172 00C0      		rjmp .L18
 182               	.L9:
 183 0174 8F3E      		cpi r24,239
 184 0176 9105      		cpc r25,__zero_reg__
 185 0178 01F4      		brne .L11
 186 017a 80E0      		ldi r24,lo8(0)
 187               	.L18:
 188 017c 0E94 0000 		call LcdBackLight
 189               	.L11:
 190 0180 64E6      		ldi r22,lo8(100)
 191 0182 70E0      		ldi r23,hi8(100)
 192 0184 80E0      		ldi r24,hlo8(100)
 193 0186 90E0      		ldi r25,hhi8(100)
 194 0188 0E94 0000 		call NutSleep
 195 018c 84E0      		ldi r24,lo8(4)
 196 018e 0E94 0000 		call LedControl
 197 0192 C801      		movw r24,r16
 198 0194 69E1      		ldi r22,lo8(25)
 199 0196 70E0      		ldi r23,hi8(25)
 200 0198 0E94 0000 		call __divmodhi4
 201 019c 0F5F      		subi r16,lo8(-(1))
 202 019e 1F4F      		sbci r17,hi8(-(1))
 203 01a0 892B      		or r24,r25
 204 01a2 01F4      		brne .L13
 205 01a4 EF28      		or r14,r15
 206 01a6 01F0      		breq .L15
 207 01a8 1F93      		push r17
 208 01aa 0F93      		push r16
 209 01ac 80E0      		ldi r24,lo8(__c.2557)
 210 01ae 90E0      		ldi r25,hi8(__c.2557)
 211 01b0 9F93      		push r25
 212 01b2 8F93      		push r24
 213 01b4 86EC      		ldi r24,lo8(-58)
 214 01b6 8F93      		push r24
 215 01b8 0E94 0000 		call LogMsg_P
 216 01bc EE24      		clr r14
 217 01be FF24      		clr r15
 218 01c0 00C0      		rjmp .L19
 219               	.L15:
 220 01c2 1F93      		push r17
 221 01c4 0F93      		push r16
 222 01c6 80E0      		ldi r24,lo8(__c.2559)
 223 01c8 90E0      		ldi r25,hi8(__c.2559)
 224 01ca 9F93      		push r25
 225 01cc 8F93      		push r24
 226 01ce 86EC      		ldi r24,lo8(-58)
 227 01d0 8F93      		push r24
 228 01d2 0E94 0000 		call LogMsg_P
GAS LISTING /var/folders/_4/0gv1xzls4452yr8f8wz3qh880000gn/T//ccUfWOzy.s 			page 5


 229 01d6 81E0      		ldi r24,lo8(1)
 230 01d8 E82E      		mov r14,r24
 231 01da F12C      		mov r15,__zero_reg__
 232               	.L19:
 233 01dc 0F90      		pop __tmp_reg__
 234 01de 0F90      		pop __tmp_reg__
 235 01e0 0F90      		pop __tmp_reg__
 236 01e2 0F90      		pop __tmp_reg__
 237 01e4 0F90      		pop __tmp_reg__
 238               	.L13:
 239 01e6 0E94 0000 		call WatchDogRestart
 240 01ea 00C0      		rjmp .L8
 241               	/* epilogue: frame size=18 */
 242               	/* epilogue: noreturn */
 243               	/* epilogue end (size=0) */
 244               	/* function NutAppMain size 218 (204) */
 245               		.size	NutAppMain, .-NutAppMain
 246               		.type	SysMainBeatInterrupt, @function
 247               	SysMainBeatInterrupt:
 248               	/* prologue: frame size=0 */
 249               	/* prologue end (size=0) */
 250 01ec 0E94 0000 		call KbScan
 251 01f0 0E94 0000 		call CardCheckCard
 252               	/* epilogue: frame size=0 */
 253 01f4 0895      		ret
 254               	/* epilogue end (size=1) */
 255               	/* function SysMainBeatInterrupt size 5 (4) */
 256               		.size	SysMainBeatInterrupt, .-SysMainBeatInterrupt
 257               		.section	.progmem.data,"a",@progbits
 258               		.type	__c.2559, @object
 259               		.size	__c.2559, 40
 260               	__c.2559:
 261 0000 576F 6F68 		.string	"Woohoo!, I'm still alive Joris ... [%d]"
 261      6F6F 212C 
 261      2049 276D 
 261      2073 7469 
 261      6C6C 2061 
 262               		.type	__c.2557, @object
 263               		.size	__c.2557, 26
 264               	__c.2557:
 265 0028 4865 6C6C 		.string	"Hellew! Raoul :) ... [%d]"
 265      6577 2120 
 265      5261 6F75 
 265      6C20 3A29 
 265      202E 2E2E 
 266               		.type	__c.2553, @object
 267               		.size	__c.2553, 26
 268               	__c.2553:
 269 0042 5254 4320 		.string	"RTC time [%02d:%02d:%02d]"
 269      7469 6D65 
 269      205B 2530 
 269      3264 3A25 
 269      3032 643A 
 270               		.type	__c.2551, @object
 271               		.size	__c.2551, 20
 272               	__c.2551:
 273 005c 4865 6C6C 		.string	"Hello World and Jim"
GAS LISTING /var/folders/_4/0gv1xzls4452yr8f8wz3qh880000gn/T//ccUfWOzy.s 			page 6


 273      6F20 576F 
 273      726C 6420 
 273      616E 6420 
 273      4A69 6D00 
 274               	/* File "source/main.c": code  252 = 0x00fc ( 236), prologues  14, epilogues   2 */
GAS LISTING /var/folders/_4/0gv1xzls4452yr8f8wz3qh880000gn/T//ccUfWOzy.s 			page 7


DEFINED SYMBOLS
                            *ABS*:00000000 main.c
/var/folders/_4/0gv1xzls4452yr8f8wz3qh880000gn/T//ccUfWOzy.s:3      *ABS*:0000003f __SREG__
/var/folders/_4/0gv1xzls4452yr8f8wz3qh880000gn/T//ccUfWOzy.s:4      *ABS*:0000003e __SP_H__
/var/folders/_4/0gv1xzls4452yr8f8wz3qh880000gn/T//ccUfWOzy.s:5      *ABS*:0000003d __SP_L__
/var/folders/_4/0gv1xzls4452yr8f8wz3qh880000gn/T//ccUfWOzy.s:6      *ABS*:00000000 __tmp_reg__
/var/folders/_4/0gv1xzls4452yr8f8wz3qh880000gn/T//ccUfWOzy.s:7      *ABS*:00000001 __zero_reg__
/var/folders/_4/0gv1xzls4452yr8f8wz3qh880000gn/T//ccUfWOzy.s:13     .text:00000000 SysInitIO
/var/folders/_4/0gv1xzls4452yr8f8wz3qh880000gn/T//ccUfWOzy.s:51     .text:0000003a NutAppMain
/var/folders/_4/0gv1xzls4452yr8f8wz3qh880000gn/T//ccUfWOzy.s:272    .progmem.data:0000005c __c.2551
/var/folders/_4/0gv1xzls4452yr8f8wz3qh880000gn/T//ccUfWOzy.s:268    .progmem.data:00000042 __c.2553
/var/folders/_4/0gv1xzls4452yr8f8wz3qh880000gn/T//ccUfWOzy.s:247    .text:000001ec SysMainBeatInterrupt
/var/folders/_4/0gv1xzls4452yr8f8wz3qh880000gn/T//ccUfWOzy.s:264    .progmem.data:00000028 __c.2557
/var/folders/_4/0gv1xzls4452yr8f8wz3qh880000gn/T//ccUfWOzy.s:260    .progmem.data:00000000 __c.2559

UNDEFINED SYMBOLS
__do_copy_data
__do_clear_bss
WatchDogDisable
NutDelay
SPIinit
LedInit
LcdLowLevelInit
Uart0DriverInit
Uart0DriverStart
LogInit
LogMsg_P
CardInit
X12Init
X12RtcGetClock
At45dbInit
RcInit
KbInit
sig_OVERFLOW0
NutRegisterIrqHandler
NutThreadSetPriority
LcdChar
GetKeys
LcdBackLight
NutSleep
LedControl
__divmodhi4
WatchDogRestart
KbScan
CardCheckCard
